<component name="libraryTable">
  <library name="junit-4.12">
    <CLASSES>
      <root url="jar://$PROJECT_DIR$/web/WEB-INF/lib/junit-4.12.jar!/" />
      <root url="jar://$PROJECT_DIR$/web/WEB-INF/lib/mybatis-3.2.2.jar!/" />
      <root url="jar://$PROJECT_DIR$/web/WEB-INF/lib/mysql-connector-java-5.1.25-bin.jar!/" />
    </CLASSES>
    <JAVADOC />
    <SOURCES />
  </library>
</component>